2025-12-09 19:13:29.324644 - Failed to decrypt C:/Users/shahf/Music/Archives\20251209190727_1245275970.gfglock: 'utf-8' codec can't decode byte 0xfc in position 2: invalid start byte
2025-12-09 19:13:29.326644 - Failed to decrypt C:/Users/shahf/Music/Archives\20251209190727_153565144.gfglock: 'utf-8' codec can't decode byte 0x8e in position 3: invalid start byte
2025-12-09 19:13:29.373786 - Failed to decrypt C:/Users/shahf/Music/Archives\20251209190727_2293100153.gfglock: 'utf-8' codec can't decode byte 0x9b in position 1: invalid start byte
2025-12-09 19:13:29.384331 - Failed to decrypt C:/Users/shahf/Music/Archives\20251209190727_2179962275.gfglock: 'utf-8' codec can't decode byte 0xa4 in position 2: invalid start byte
2025-12-09 19:13:30.027418 - Failed to decrypt C:/Users/shahf/Music/Archives\20251209190727_3137090874.gfglock: 'utf-8' codec can't decode byte 0xcd in position 1: invalid continuation byte
2025-12-09 19:13:30.072036 - Failed to decrypt C:/Users/shahf/Music/Archives\20251209190727_2660933689.gfglock: 'utf-8' codec can't decode byte 0x9a in position 2: invalid start byte
2025-12-09 19:13:30.084608 - Failed to decrypt C:/Users/shahf/Music/Archives\20251209190727_3234022176.gfglock: 'utf-8' codec can't decode byte 0xa3 in position 1: invalid start byte
2025-12-09 19:13:30.090139 - Failed to decrypt C:/Users/shahf/Music/Archives\20251209190727_3277117875.gfglock: 'utf-8' codec can't decode byte 0xf9 in position 3: invalid start byte
2025-12-09 19:13:30.686033 - Failed to decrypt C:/Users/shahf/Music/Archives\20251209190727_4137182744.gfglock: 'utf-8' codec can't decode byte 0xea in position 1: invalid continuation byte
2025-12-09 19:13:30.708623 - Failed to decrypt C:/Users/shahf/Music/Archives\20251209190727_908552022.gfglock: 'utf-8' codec can't decode byte 0x8c in position 1: invalid start byte
2025-12-09 19:13:30.724158 - Failed to decrypt C:/Users/shahf/Music/Archives\20251209190727_725722899.gfglock: 'utf-8' codec can't decode byte 0xc8 in position 3: invalid continuation byte
2025-12-09 19:13:30.744759 - Failed to decrypt C:/Users/shahf/Music/Archives\20251209190727_91750000.gfglock: 'utf-8' codec can't decode byte 0xc4 in position 1: invalid continuation byte
2025-12-09 19:13:31.431080 - Failed to decrypt C:/Users/shahf/Music/Archives\20251209190728_182465745.gfglock: 'utf-8' codec can't decode byte 0xf8 in position 1: invalid start byte
2025-12-09 19:13:31.454215 - Failed to decrypt C:/Users/shahf/Music/Archives\20251209190728_2018225787.gfglock: 'utf-8' codec can't decode byte 0x8f in position 3: invalid start byte
2025-12-09 19:13:31.467280 - Failed to decrypt C:/Users/shahf/Music/Archives\20251209190728_2838225464.gfglock: 'utf-8' codec can't decode byte 0xfa in position 1: invalid start byte
2025-12-09 19:13:31.547535 - Failed to decrypt C:/Users/shahf/Music/Archives\20251209190728_3197765853.gfglock: 'utf-8' codec can't decode byte 0xc2 in position 3: invalid continuation byte
2025-12-09 19:13:32.149735 - Failed to decrypt C:/Users/shahf/Music/Archives\20251209190728_3489990532.gfglock: 'utf-8' codec can't decode byte 0xb2 in position 2: invalid start byte
2025-12-09 19:13:32.166255 - Failed to decrypt C:/Users/shahf/Music/Archives\20251209190728_4159945029.gfglock: 'utf-8' codec can't decode byte 0xdf in position 7: invalid continuation byte
2025-12-09 19:13:32.184332 - Failed to decrypt C:/Users/shahf/Music/Archives\20251209190728_3995039942.gfglock: 'utf-8' codec can't decode byte 0xae in position 2: invalid start byte
2025-12-09 19:13:32.227461 - Failed to decrypt C:/Users/shahf/Music/Archives\20251209190728_4239804690.gfglock: 'utf-8' codec can't decode byte 0x93 in position 1: invalid start byte
2025-12-09 19:13:32.608036 - Failed to decrypt C:/Users/shahf/Music/Archives\20251209190728_478948731.gfglock: 'utf-8' codec can't decode byte 0xee in position 3: invalid continuation byte
